<?xml version="1.0" encoding="UTF-8"?>
<!-- Generated by org.testng.reporters.JUnitReportReporter -->
<testsuite skipped="0" hostname="Shweta-PC" name="abcde.C" tests="1" failures="0" timestamp="06 Jun 2017 18:03:43 GMT" time="0.006" errors="0">
  <testcase name="pattern" time="0.006" classname="abcde.C"/>
</testsuite> <!-- abcde.C -->
