<?xml version="1.0" encoding="UTF-8"?>
<!-- Generated by org.testng.reporters.JUnitReportReporter -->
<testsuite skipped="0" hostname="Shweta-PC" name="abcd.A" tests="2" failures="0" timestamp="09 Sep 2017 18:31:48 GMT" time="0.019" errors="0">
  <testcase name="pattern2" time="0.002" classname="abcd.A"/>
  <testcase name="pattern" time="0.017" classname="abcd.A"/>
</testsuite> <!-- abcd.A -->
