<?xml version="1.0" encoding="UTF-8"?>
<!-- Generated by org.testng.reporters.JUnitReportReporter -->
<testsuite skipped="0" hostname="Shweta-PC" name="abcdef.C" tests="1" failures="0" timestamp="08 Jul 2017 18:46:06 GMT" time="0.033" errors="0">
  <testcase name="pattern" time="0.033" classname="abcdef.C"/>
</testsuite> <!-- abcdef.C -->
