<?xml version="1.0" encoding="UTF-8"?>
<!-- Generated by org.testng.reporters.JUnitReportReporter -->
<testsuite skipped="0" hostname="Shweta-PC" name="abcd.B" tests="2" failures="0" timestamp="08 Jul 2017 18:33:47 GMT" time="0.004" errors="0">
  <testcase name="pattern2" time="0.002" classname="abcd.B"/>
  <testcase name="pattern" time="0.002" classname="abcd.B"/>
</testsuite> <!-- abcd.B -->
